Activity generated at Tue Mar 17 22:31:03 UTC 2026
Activity generated at Wed Mar 18 02:01:43 UTC 2026
Activity generated at Wed Mar 18 05:25:00 UTC 2026
Activity generated at Wed Mar 18 06:59:47 UTC 2026
Activity generated at Wed Mar 18 08:45:38 UTC 2026
Activity generated at Wed Mar 18 10:51:32 UTC 2026
Activity generated at Wed Mar 18 13:06:49 UTC 2026
Activity generated at Wed Mar 18 15:00:49 UTC 2026
Activity generated at Wed Mar 18 16:57:38 UTC 2026
Activity generated at Wed Mar 18 18:57:04 UTC 2026
Activity generated at Wed Mar 18 20:34:02 UTC 2026
Activity generated at Wed Mar 18 22:30:24 UTC 2026
Activity generated at Thu Mar 19 02:02:44 UTC 2026
Activity generated at Thu Mar 19 05:21:18 UTC 2026
Activity generated at Thu Mar 19 06:56:11 UTC 2026
Activity generated at Thu Mar 19 08:39:30 UTC 2026
Activity generated at Thu Mar 19 10:37:56 UTC 2026
Activity generated at Thu Mar 19 13:00:37 UTC 2026
Activity generated at Thu Mar 19 14:43:48 UTC 2026
Activity generated at Thu Mar 19 16:56:24 UTC 2026
Activity generated at Thu Mar 19 18:56:00 UTC 2026
Activity generated at Thu Mar 19 20:35:03 UTC 2026
Activity generated at Thu Mar 19 22:26:40 UTC 2026
Activity generated at Fri Mar 20 01:56:51 UTC 2026
Activity generated at Fri Mar 20 04:16:29 UTC 2026
Activity generated at Fri Mar 20 06:52:32 UTC 2026
Activity generated at Fri Mar 20 08:38:06 UTC 2026
Activity generated at Fri Mar 20 10:35:53 UTC 2026
Activity generated at Fri Mar 20 12:55:29 UTC 2026
Activity generated at Fri Mar 20 14:41:04 UTC 2026
Activity generated at Fri Mar 20 16:40:34 UTC 2026
Activity generated at Fri Mar 20 18:45:25 UTC 2026
Activity generated at Fri Mar 20 20:29:39 UTC 2026
Activity generated at Fri Mar 20 22:26:25 UTC 2026
Activity generated at Sat Mar 21 01:50:50 UTC 2026
Activity generated at Sat Mar 21 04:03:53 UTC 2026
Activity generated at Sat Mar 21 06:40:03 UTC 2026
Activity generated at Sat Mar 21 08:30:29 UTC 2026
Activity generated at Sat Mar 21 10:24:18 UTC 2026
Activity generated at Sat Mar 21 12:43:20 UTC 2026
Activity generated at Sat Mar 21 14:24:40 UTC 2026
Activity generated at Sat Mar 21 16:27:12 UTC 2026
Activity generated at Sat Mar 21 18:33:48 UTC 2026
Activity generated at Sat Mar 21 20:24:01 UTC 2026
Activity generated at Sat Mar 21 22:22:02 UTC 2026
Activity generated at Sun Mar 22 02:02:52 UTC 2026
Activity generated at Sun Mar 22 05:17:58 UTC 2026
Activity generated at Sun Mar 22 06:49:12 UTC 2026
Activity generated at Sun Mar 22 08:32:02 UTC 2026
Activity generated at Sun Mar 22 10:25:13 UTC 2026
Activity generated at Sun Mar 22 12:46:36 UTC 2026
Activity generated at Sun Mar 22 14:26:08 UTC 2026
Activity generated at Sun Mar 22 16:28:05 UTC 2026
Activity generated at Sun Mar 22 18:34:28 UTC 2026
Activity generated at Sun Mar 22 20:25:11 UTC 2026
Activity generated at Sun Mar 22 22:23:01 UTC 2026
Activity generated at Mon Mar 23 02:03:52 UTC 2026
Activity generated at Mon Mar 23 05:28:47 UTC 2026
Activity generated at Mon Mar 23 07:07:16 UTC 2026
Activity generated at Mon Mar 23 08:53:03 UTC 2026
Activity generated at Mon Mar 23 10:51:06 UTC 2026
Activity generated at Mon Mar 23 13:03:07 UTC 2026
Activity generated at Mon Mar 23 14:53:02 UTC 2026
Activity generated at Mon Mar 23 16:55:18 UTC 2026
Activity generated at Mon Mar 23 18:52:03 UTC 2026
Activity generated at Mon Mar 23 20:35:59 UTC 2026
Activity generated at Mon Mar 23 22:30:27 UTC 2026
Activity generated at Tue Mar 24 01:55:42 UTC 2026
Activity generated at Tue Mar 24 04:20:20 UTC 2026
Activity generated at Tue Mar 24 07:01:44 UTC 2026
Activity generated at Tue Mar 24 08:51:22 UTC 2026
Activity generated at Tue Mar 24 10:50:42 UTC 2026
Activity generated at Tue Mar 24 13:07:16 UTC 2026
Activity generated at Tue Mar 24 14:56:13 UTC 2026
Activity generated at Tue Mar 24 16:58:14 UTC 2026
Activity generated at Tue Mar 24 19:00:40 UTC 2026
Activity generated at Tue Mar 24 20:39:09 UTC 2026
Activity generated at Tue Mar 24 22:28:50 UTC 2026
Activity generated at Wed Mar 25 02:01:41 UTC 2026
Activity generated at Wed Mar 25 05:22:06 UTC 2026
Activity generated at Wed Mar 25 07:00:11 UTC 2026
Activity generated at Wed Mar 25 08:49:20 UTC 2026
